2021-06-16 22:02:52.261 INFO  org.hibernate.validator.internal.util.Version     :21   [32m                  [0;39m HV000001: Hibernate Validator 6.1.6.Final
2021-06-16 22:02:52.388 INFO  com.jiawa.wiki.config.WikiApplication             :55   [32m                  [0;39m Starting WikiApplication using Java 1.8.0_261 on tydemacbook.local with PID 45343 (/Users/mr.stark/Desktop/wiki/target/classes started by mr.stark in /Users/mr.stark/Desktop/wiki)
2021-06-16 22:02:52.390 INFO  com.jiawa.wiki.config.WikiApplication             :660  [32m                  [0;39m No active profile set, falling back to default profiles: default
2021-06-16 22:02:52.528 INFO  o.s.b.d.env.DevToolsPropertyDefaultsPostProcessor :255  [32m                  [0;39m Devtools property defaults active! Set 'spring.devtools.add-properties' to 'false' to disable
2021-06-16 22:02:52.528 INFO  o.s.b.d.env.DevToolsPropertyDefaultsPostProcessor :255  [32m                  [0;39m For additional web related logging consider setting the 'logging.level.web' property to 'DEBUG'
2021-06-16 22:02:54.155 INFO  o.s.d.r.config.RepositoryConfigurationDelegate    :250  [32m                  [0;39m Multiple Spring Data modules found, entering strict repository configuration mode!
2021-06-16 22:02:54.160 INFO  o.s.d.r.config.RepositoryConfigurationDelegate    :128  [32m                  [0;39m Bootstrapping Spring Data Redis repositories in DEFAULT mode.
2021-06-16 22:02:54.190 INFO  o.s.d.r.config.RepositoryConfigurationDelegate    :188  [32m                  [0;39m Finished Spring Data repository scanning in 8 ms. Found 0 Redis repository interfaces.
2021-06-16 22:02:56.085 INFO  o.s.boot.web.embedded.tomcat.TomcatWebServer      :108  [32m                  [0;39m Tomcat initialized with port(s): 8880 (http)
2021-06-16 22:02:56.106 INFO  org.apache.coyote.http11.Http11NioProtocol        :173  [32m                  [0;39m Initializing ProtocolHandler ["http-nio-8880"]
2021-06-16 22:02:56.107 INFO  org.apache.catalina.core.StandardService          :173  [32m                  [0;39m Starting service [Tomcat]
2021-06-16 22:02:56.109 INFO  org.apache.catalina.core.StandardEngine           :173  [32m                  [0;39m Starting Servlet engine: [Apache Tomcat/9.0.39]
2021-06-16 22:02:56.214 INFO  o.a.c.core.ContainerBase.[Tomcat].[localhost].[/] :173  [32m                  [0;39m Initializing Spring embedded WebApplicationContext
2021-06-16 22:02:56.216 INFO  o.s.b.w.s.c.ServletWebServerApplicationContext    :289  [32m                  [0;39m Root WebApplicationContext: initialization completed in 3687 ms
2021-06-16 22:02:57.987 INFO  o.s.scheduling.concurrent.ThreadPoolTaskExecutor  :181  [32m                  [0;39m Initializing ExecutorService 'applicationTaskExecutor'
2021-06-16 22:02:58.676 INFO  o.s.b.d.autoconfigure.OptionalLiveReloadServer    :58   [32m                  [0;39m LiveReload server is running on port 35729
2021-06-16 22:02:58.701 INFO  org.apache.coyote.http11.Http11NioProtocol        :173  [32m                  [0;39m Starting ProtocolHandler ["http-nio-8880"]
2021-06-16 22:02:58.735 INFO  o.s.boot.web.embedded.tomcat.TomcatWebServer      :220  [32m                  [0;39m Tomcat started on port(s): 8880 (http) with context path ''
2021-06-16 22:02:58.748 INFO  com.jiawa.wiki.config.WikiApplication             :61   [32m                  [0;39m Started WikiApplication in 7.554 seconds (JVM running for 8.629)
2021-06-16 22:02:58.751 INFO  com.jiawa.wiki.config.WikiApplication             :21   [32m                  [0;39m å¯åŠ¨æˆåŠŸï¼ï¼ï¼
2021-06-16 22:02:58.752 INFO  com.jiawa.wiki.config.WikiApplication             :22   [32m                  [0;39m åœ°å€ï¼š	http://127.0.0.1:8880
2021-06-16 22:03:19.241 INFO  o.s.scheduling.concurrent.ThreadPoolTaskExecutor  :218  [32m                  [0;39m Shutting down ExecutorService 'applicationTaskExecutor'
2021-06-16 22:03:19.578 INFO  com.jiawa.wiki.config.WikiApplication             :55   [32m                  [0;39m Starting WikiApplication using Java 1.8.0_261 on tydemacbook.local with PID 45343 (/Users/mr.stark/Desktop/wiki/target/classes started by mr.stark in /Users/mr.stark/Desktop/wiki)
2021-06-16 22:03:19.578 INFO  com.jiawa.wiki.config.WikiApplication             :660  [32m                  [0;39m No active profile set, falling back to default profiles: default
2021-06-16 22:03:20.312 INFO  o.s.d.r.config.RepositoryConfigurationDelegate    :250  [32m                  [0;39m Multiple Spring Data modules found, entering strict repository configuration mode!
2021-06-16 22:03:20.313 INFO  o.s.d.r.config.RepositoryConfigurationDelegate    :128  [32m                  [0;39m Bootstrapping Spring Data Redis repositories in DEFAULT mode.
2021-06-16 22:03:20.317 INFO  o.s.d.r.config.RepositoryConfigurationDelegate    :188  [32m                  [0;39m Finished Spring Data repository scanning in 2 ms. Found 0 Redis repository interfaces.
2021-06-16 22:03:20.811 INFO  o.s.boot.web.embedded.tomcat.TomcatWebServer      :108  [32m                  [0;39m Tomcat initialized with port(s): 8880 (http)
2021-06-16 22:03:20.811 INFO  org.apache.coyote.http11.Http11NioProtocol        :173  [32m                  [0;39m Initializing ProtocolHandler ["http-nio-8880"]
2021-06-16 22:03:20.812 INFO  org.apache.catalina.core.StandardService          :173  [32m                  [0;39m Starting service [Tomcat]
2021-06-16 22:03:20.813 INFO  org.apache.catalina.core.StandardEngine           :173  [32m                  [0;39m Starting Servlet engine: [Apache Tomcat/9.0.39]
2021-06-16 22:03:20.894 INFO  o.a.c.core.ContainerBase.[Tomcat].[localhost].[/] :173  [32m                  [0;39m Initializing Spring embedded WebApplicationContext
2021-06-16 22:03:20.895 INFO  o.s.b.w.s.c.ServletWebServerApplicationContext    :289  [32m                  [0;39m Root WebApplicationContext: initialization completed in 1312 ms
2021-06-16 22:03:22.390 INFO  o.s.scheduling.concurrent.ThreadPoolTaskExecutor  :181  [32m                  [0;39m Initializing ExecutorService 'applicationTaskExecutor'
2021-06-16 22:03:23.076 INFO  o.s.b.d.autoconfigure.OptionalLiveReloadServer    :58   [32m                  [0;39m LiveReload server is running on port 35729
2021-06-16 22:03:23.132 INFO  org.apache.coyote.http11.Http11NioProtocol        :173  [32m                  [0;39m Starting ProtocolHandler ["http-nio-8880"]
2021-06-16 22:03:23.138 INFO  o.s.boot.web.embedded.tomcat.TomcatWebServer      :220  [32m                  [0;39m Tomcat started on port(s): 8880 (http) with context path ''
2021-06-16 22:03:23.143 INFO  com.jiawa.wiki.config.WikiApplication             :61   [32m                  [0;39m Started WikiApplication in 3.623 seconds (JVM running for 33.022)
2021-06-16 22:03:23.146 INFO  o.s.b.d.a.ConditionEvaluationDeltaLoggingListener :63   [32m                  [0;39m Condition evaluation unchanged
2021-06-16 22:03:23.149 INFO  com.jiawa.wiki.config.WikiApplication             :21   [32m                  [0;39m å¯åŠ¨æˆåŠŸï¼ï¼ï¼
2021-06-16 22:03:23.151 INFO  com.jiawa.wiki.config.WikiApplication             :22   [32m                  [0;39m åœ°å€ï¼š	http://127.0.0.1:8880
2021-06-16 22:03:24.963 INFO  o.s.scheduling.concurrent.ThreadPoolTaskExecutor  :218  [32m                  [0;39m Shutting down ExecutorService 'applicationTaskExecutor'
2021-06-16 22:03:25.189 INFO  com.jiawa.wiki.config.WikiApplication             :55   [32m                  [0;39m Starting WikiApplication using Java 1.8.0_261 on tydemacbook.local with PID 45343 (/Users/mr.stark/Desktop/wiki/target/classes started by mr.stark in /Users/mr.stark/Desktop/wiki)
2021-06-16 22:03:25.190 INFO  com.jiawa.wiki.config.WikiApplication             :660  [32m                  [0;39m No active profile set, falling back to default profiles: default
2021-06-16 22:03:25.631 INFO  o.s.d.r.config.RepositoryConfigurationDelegate    :250  [32m                  [0;39m Multiple Spring Data modules found, entering strict repository configuration mode!
2021-06-16 22:03:25.632 INFO  o.s.d.r.config.RepositoryConfigurationDelegate    :128  [32m                  [0;39m Bootstrapping Spring Data Redis repositories in DEFAULT mode.
2021-06-16 22:03:25.641 INFO  o.s.d.r.config.RepositoryConfigurationDelegate    :188  [32m                  [0;39m Finished Spring Data repository scanning in 6 ms. Found 0 Redis repository interfaces.
2021-06-16 22:03:26.100 INFO  o.s.boot.web.embedded.tomcat.TomcatWebServer      :108  [32m                  [0;39m Tomcat initialized with port(s): 8880 (http)
2021-06-16 22:03:26.101 INFO  org.apache.coyote.http11.Http11NioProtocol        :173  [32m                  [0;39m Initializing ProtocolHandler ["http-nio-8880"]
2021-06-16 22:03:26.102 INFO  org.apache.catalina.core.StandardService          :173  [32m                  [0;39m Starting service [Tomcat]
2021-06-16 22:03:26.102 INFO  org.apache.catalina.core.StandardEngine           :173  [32m                  [0;39m Starting Servlet engine: [Apache Tomcat/9.0.39]
2021-06-16 22:03:26.118 INFO  o.a.c.core.ContainerBase.[Tomcat].[localhost].[/] :173  [32m                  [0;39m Initializing Spring embedded WebApplicationContext
2021-06-16 22:03:26.119 INFO  o.s.b.w.s.c.ServletWebServerApplicationContext    :289  [32m                  [0;39m Root WebApplicationContext: initialization completed in 926 ms
2021-06-16 22:03:27.067 INFO  o.s.scheduling.concurrent.ThreadPoolTaskExecutor  :181  [32m                  [0;39m Initializing ExecutorService 'applicationTaskExecutor'
2021-06-16 22:03:27.585 INFO  o.s.b.d.autoconfigure.OptionalLiveReloadServer    :58   [32m                  [0;39m LiveReload server is running on port 35729
2021-06-16 22:03:27.607 INFO  org.apache.coyote.http11.Http11NioProtocol        :173  [32m                  [0;39m Starting ProtocolHandler ["http-nio-8880"]
2021-06-16 22:03:27.612 INFO  o.s.boot.web.embedded.tomcat.TomcatWebServer      :220  [32m                  [0;39m Tomcat started on port(s): 8880 (http) with context path ''
2021-06-16 22:03:27.615 INFO  com.jiawa.wiki.config.WikiApplication             :61   [32m                  [0;39m Started WikiApplication in 2.465 seconds (JVM running for 37.495)
2021-06-16 22:03:27.616 INFO  o.s.b.d.a.ConditionEvaluationDeltaLoggingListener :63   [32m                  [0;39m Condition evaluation unchanged
2021-06-16 22:03:27.617 INFO  com.jiawa.wiki.config.WikiApplication             :21   [32m                  [0;39m å¯åŠ¨æˆåŠŸï¼ï¼ï¼
2021-06-16 22:03:27.617 INFO  com.jiawa.wiki.config.WikiApplication             :22   [32m                  [0;39m åœ°å€ï¼š	http://127.0.0.1:8880
2021-06-16 22:03:32.496 INFO  o.s.scheduling.concurrent.ThreadPoolTaskExecutor  :218  [32m                  [0;39m Shutting down ExecutorService 'applicationTaskExecutor'
2021-06-16 22:03:32.719 INFO  com.jiawa.wiki.config.WikiApplication             :55   [32m                  [0;39m Starting WikiApplication using Java 1.8.0_261 on tydemacbook.local with PID 45343 (/Users/mr.stark/Desktop/wiki/target/classes started by mr.stark in /Users/mr.stark/Desktop/wiki)
2021-06-16 22:03:32.719 INFO  com.jiawa.wiki.config.WikiApplication             :660  [32m                  [0;39m No active profile set, falling back to default profiles: default
2021-06-16 22:03:32.963 INFO  o.s.d.r.config.RepositoryConfigurationDelegate    :250  [32m                  [0;39m Multiple Spring Data modules found, entering strict repository configuration mode!
2021-06-16 22:03:32.963 INFO  o.s.d.r.config.RepositoryConfigurationDelegate    :128  [32m                  [0;39m Bootstrapping Spring Data Redis repositories in DEFAULT mode.
2021-06-16 22:03:32.969 INFO  o.s.d.r.config.RepositoryConfigurationDelegate    :188  [32m                  [0;39m Finished Spring Data repository scanning in 5 ms. Found 0 Redis repository interfaces.
2021-06-16 22:03:33.136 INFO  o.s.boot.web.embedded.tomcat.TomcatWebServer      :108  [32m                  [0;39m Tomcat initialized with port(s): 8880 (http)
2021-06-16 22:03:33.137 INFO  org.apache.coyote.http11.Http11NioProtocol        :173  [32m                  [0;39m Initializing ProtocolHandler ["http-nio-8880"]
2021-06-16 22:03:33.138 INFO  org.apache.catalina.core.StandardService          :173  [32m                  [0;39m Starting service [Tomcat]
2021-06-16 22:03:33.138 INFO  org.apache.catalina.core.StandardEngine           :173  [32m                  [0;39m Starting Servlet engine: [Apache Tomcat/9.0.39]
2021-06-16 22:03:33.149 INFO  o.a.c.core.ContainerBase.[Tomcat].[localhost].[/] :173  [32m                  [0;39m Initializing Spring embedded WebApplicationContext
2021-06-16 22:03:33.150 INFO  o.s.b.w.s.c.ServletWebServerApplicationContext    :289  [32m                  [0;39m Root WebApplicationContext: initialization completed in 428 ms
2021-06-16 22:03:33.902 INFO  o.s.scheduling.concurrent.ThreadPoolTaskExecutor  :181  [32m                  [0;39m Initializing ExecutorService 'applicationTaskExecutor'
2021-06-16 22:03:34.169 INFO  o.s.b.d.autoconfigure.OptionalLiveReloadServer    :58   [32m                  [0;39m LiveReload server is running on port 35729
2021-06-16 22:03:34.183 INFO  org.apache.coyote.http11.Http11NioProtocol        :173  [32m                  [0;39m Starting ProtocolHandler ["http-nio-8880"]
2021-06-16 22:03:34.194 INFO  o.s.boot.web.embedded.tomcat.TomcatWebServer      :220  [32m                  [0;39m Tomcat started on port(s): 8880 (http) with context path ''
2021-06-16 22:03:34.198 INFO  com.jiawa.wiki.config.WikiApplication             :61   [32m                  [0;39m Started WikiApplication in 1.514 seconds (JVM running for 44.078)
2021-06-16 22:03:34.199 INFO  o.s.b.d.a.ConditionEvaluationDeltaLoggingListener :63   [32m                  [0;39m Condition evaluation unchanged
2021-06-16 22:03:34.200 INFO  com.jiawa.wiki.config.WikiApplication             :21   [32m                  [0;39m å¯åŠ¨æˆåŠŸï¼ï¼ï¼
2021-06-16 22:03:34.201 INFO  com.jiawa.wiki.config.WikiApplication             :22   [32m                  [0;39m åœ°å€ï¼š	http://127.0.0.1:8880
2021-06-16 22:03:35.649 INFO  o.s.scheduling.concurrent.ThreadPoolTaskExecutor  :218  [32m                  [0;39m Shutting down ExecutorService 'applicationTaskExecutor'
2021-06-16 22:03:35.903 INFO  com.jiawa.wiki.config.WikiApplication             :55   [32m                  [0;39m Starting WikiApplication using Java 1.8.0_261 on tydemacbook.local with PID 45343 (/Users/mr.stark/Desktop/wiki/target/classes started by mr.stark in /Users/mr.stark/Desktop/wiki)
2021-06-16 22:03:35.903 INFO  com.jiawa.wiki.config.WikiApplication             :660  [32m                  [0;39m No active profile set, falling back to default profiles: default
2021-06-16 22:03:36.468 INFO  o.s.d.r.config.RepositoryConfigurationDelegate    :250  [32m                  [0;39m Multiple Spring Data modules found, entering strict repository configuration mode!
2021-06-16 22:03:36.470 INFO  o.s.d.r.config.RepositoryConfigurationDelegate    :128  [32m                  [0;39m Bootstrapping Spring Data Redis repositories in DEFAULT mode.
2021-06-16 22:03:36.481 INFO  o.s.d.r.config.RepositoryConfigurationDelegate    :188  [32m                  [0;39m Finished Spring Data repository scanning in 7 ms. Found 0 Redis repository interfaces.
2021-06-16 22:03:36.840 INFO  o.s.boot.web.embedded.tomcat.TomcatWebServer      :108  [32m                  [0;39m Tomcat initialized with port(s): 8880 (http)
2021-06-16 22:03:36.841 INFO  org.apache.coyote.http11.Http11NioProtocol        :173  [32m                  [0;39m Initializing ProtocolHandler ["http-nio-8880"]
2021-06-16 22:03:36.842 INFO  org.apache.catalina.core.StandardService          :173  [32m                  [0;39m Starting service [Tomcat]
2021-06-16 22:03:36.842 INFO  org.apache.catalina.core.StandardEngine           :173  [32m                  [0;39m Starting Servlet engine: [Apache Tomcat/9.0.39]
2021-06-16 22:03:36.851 INFO  o.a.c.core.ContainerBase.[Tomcat].[localhost].[/] :173  [32m                  [0;39m Initializing Spring embedded WebApplicationContext
2021-06-16 22:03:36.852 INFO  o.s.b.w.s.c.ServletWebServerApplicationContext    :289  [32m                  [0;39m Root WebApplicationContext: initialization completed in 946 ms
2021-06-16 22:03:37.257 INFO  o.s.scheduling.concurrent.ThreadPoolTaskExecutor  :181  [32m                  [0;39m Initializing ExecutorService 'applicationTaskExecutor'
2021-06-16 22:03:37.486 INFO  o.s.b.d.autoconfigure.OptionalLiveReloadServer    :58   [32m                  [0;39m LiveReload server is running on port 35729
2021-06-16 22:03:37.493 INFO  org.apache.coyote.http11.Http11NioProtocol        :173  [32m                  [0;39m Starting ProtocolHandler ["http-nio-8880"]
2021-06-16 22:03:37.499 INFO  o.s.boot.web.embedded.tomcat.TomcatWebServer      :220  [32m                  [0;39m Tomcat started on port(s): 8880 (http) with context path ''
2021-06-16 22:03:37.508 INFO  com.jiawa.wiki.config.WikiApplication             :61   [32m                  [0;39m Started WikiApplication in 1.652 seconds (JVM running for 47.387)
2021-06-16 22:03:37.511 INFO  o.s.b.d.a.ConditionEvaluationDeltaLoggingListener :63   [32m                  [0;39m Condition evaluation unchanged
2021-06-16 22:03:37.514 INFO  com.jiawa.wiki.config.WikiApplication             :21   [32m                  [0;39m å¯åŠ¨æˆåŠŸï¼ï¼ï¼
2021-06-16 22:03:37.516 INFO  com.jiawa.wiki.config.WikiApplication             :22   [32m                  [0;39m åœ°å€ï¼š	http://127.0.0.1:8880
2021-06-16 22:03:38.972 INFO  o.s.scheduling.concurrent.ThreadPoolTaskExecutor  :218  [32m                  [0;39m Shutting down ExecutorService 'applicationTaskExecutor'
2021-06-16 22:03:39.173 INFO  com.jiawa.wiki.config.WikiApplication             :55   [32m                  [0;39m Starting WikiApplication using Java 1.8.0_261 on tydemacbook.local with PID 45343 (/Users/mr.stark/Desktop/wiki/target/classes started by mr.stark in /Users/mr.stark/Desktop/wiki)
2021-06-16 22:03:39.174 INFO  com.jiawa.wiki.config.WikiApplication             :660  [32m                  [0;39m No active profile set, falling back to default profiles: default
2021-06-16 22:03:39.368 INFO  o.s.d.r.config.RepositoryConfigurationDelegate    :250  [32m                  [0;39m Multiple Spring Data modules found, entering strict repository configuration mode!
2021-06-16 22:03:39.369 INFO  o.s.d.r.config.RepositoryConfigurationDelegate    :128  [32m                  [0;39m Bootstrapping Spring Data Redis repositories in DEFAULT mode.
2021-06-16 22:03:39.374 INFO  o.s.d.r.config.RepositoryConfigurationDelegate    :188  [32m                  [0;39m Finished Spring Data repository scanning in 4 ms. Found 0 Redis repository interfaces.
2021-06-16 22:03:39.520 INFO  o.s.boot.web.embedded.tomcat.TomcatWebServer      :108  [32m                  [0;39m Tomcat initialized with port(s): 8880 (http)
2021-06-16 22:03:39.524 INFO  org.apache.coyote.http11.Http11NioProtocol        :173  [32m                  [0;39m Initializing ProtocolHandler ["http-nio-8880"]
2021-06-16 22:03:39.524 INFO  org.apache.catalina.core.StandardService          :173  [32m                  [0;39m Starting service [Tomcat]
2021-06-16 22:03:39.526 INFO  org.apache.catalina.core.StandardEngine           :173  [32m                  [0;39m Starting Servlet engine: [Apache Tomcat/9.0.39]
2021-06-16 22:03:39.534 INFO  o.a.c.core.ContainerBase.[Tomcat].[localhost].[/] :173  [32m                  [0;39m Initializing Spring embedded WebApplicationContext
2021-06-16 22:03:39.535 INFO  o.s.b.w.s.c.ServletWebServerApplicationContext    :289  [32m                  [0;39m Root WebApplicationContext: initialization completed in 357 ms
2021-06-16 22:03:40.120 INFO  o.s.scheduling.concurrent.ThreadPoolTaskExecutor  :181  [32m                  [0;39m Initializing ExecutorService 'applicationTaskExecutor'
2021-06-16 22:03:40.378 INFO  o.s.b.d.autoconfigure.OptionalLiveReloadServer    :58   [32m                  [0;39m LiveReload server is running on port 35729
2021-06-16 22:03:40.385 INFO  org.apache.coyote.http11.Http11NioProtocol        :173  [32m                  [0;39m Starting ProtocolHandler ["http-nio-8880"]
2021-06-16 22:03:40.388 INFO  o.s.boot.web.embedded.tomcat.TomcatWebServer      :220  [32m                  [0;39m Tomcat started on port(s): 8880 (http) with context path ''
2021-06-16 22:03:40.392 INFO  com.jiawa.wiki.config.WikiApplication             :61   [32m                  [0;39m Started WikiApplication in 1.26 seconds (JVM running for 50.271)
2021-06-16 22:03:40.393 INFO  o.s.b.d.a.ConditionEvaluationDeltaLoggingListener :63   [32m                  [0;39m Condition evaluation unchanged
2021-06-16 22:03:40.393 INFO  com.jiawa.wiki.config.WikiApplication             :21   [32m                  [0;39m å¯åŠ¨æˆåŠŸï¼ï¼ï¼
2021-06-16 22:03:40.394 INFO  com.jiawa.wiki.config.WikiApplication             :22   [32m                  [0;39m åœ°å€ï¼š	http://127.0.0.1:8880
2021-06-16 22:03:56.185 INFO  o.a.c.core.ContainerBase.[Tomcat].[localhost].[/] :173  [32m                  [0;39m Initializing Spring DispatcherServlet 'dispatcherServlet'
2021-06-16 22:03:56.188 INFO  org.springframework.web.servlet.DispatcherServlet :525  [32m                  [0;39m Initializing Servlet 'dispatcherServlet'
2021-06-16 22:03:56.197 INFO  org.springframework.web.servlet.DispatcherServlet :547  [32m                  [0;39m Completed initialization in 8 ms
2021-06-16 22:03:56.219 INFO  com.jiawa.wiki.filter.LogFilter                   :28   [32m                  [0;39m ----------- LogFilter å¼€å§‹ -----------
2021-06-16 22:03:56.219 INFO  com.jiawa.wiki.filter.LogFilter                   :28   [32m                  [0;39m ----------- LogFilter å¼€å§‹ -----------
2021-06-16 22:03:56.219 INFO  com.jiawa.wiki.filter.LogFilter                   :28   [32m                  [0;39m ----------- LogFilter å¼€å§‹ -----------
2021-06-16 22:03:56.220 INFO  com.jiawa.wiki.filter.LogFilter                   :29   [32m                  [0;39m è¯·æ±‚åœ°å€: http://127.0.0.1:8880/ebook-snapshot/get-30-statistic GET
2021-06-16 22:03:56.220 INFO  com.jiawa.wiki.filter.LogFilter                   :29   [32m                  [0;39m è¯·æ±‚åœ°å€: http://127.0.0.1:8880/ebook-snapshot/get-statistic GET
2021-06-16 22:03:56.221 INFO  com.jiawa.wiki.filter.LogFilter                   :30   [32m                  [0;39m è¿œç¨‹åœ°å€: 127.0.0.1
2021-06-16 22:03:56.221 INFO  com.jiawa.wiki.filter.LogFilter                   :30   [32m                  [0;39m è¿œç¨‹åœ°å€: 127.0.0.1
2021-06-16 22:03:56.220 INFO  com.jiawa.wiki.filter.LogFilter                   :29   [32m                  [0;39m è¯·æ±‚åœ°å€: http://127.0.0.1:8880/category/all GET
2021-06-16 22:03:56.225 INFO  com.jiawa.wiki.filter.LogFilter                   :30   [32m                  [0;39m è¿œç¨‹åœ°å€: 127.0.0.1
2021-06-16 22:03:56.270 INFO  com.jiawa.wiki.filter.LogFilter                   :34   [32m                  [0;39m ----------- LogFilter ç»“æŸ è€—æ—¶ï¼š49 ms -----------
2021-06-16 22:03:56.271 INFO  com.jiawa.wiki.filter.LogFilter                   :34   [32m                  [0;39m ----------- LogFilter ç»“æŸ è€—æ—¶ï¼š50 ms -----------
2021-06-16 22:03:56.289 INFO  com.jiawa.wiki.aspect.LogAspect                   :53   [32m                  [0;39m ------------- å¼€å§‹ -------------
2021-06-16 22:03:56.290 INFO  com.jiawa.wiki.aspect.LogAspect                   :54   [32m                  [0;39m è¯·æ±‚åœ°å€: http://127.0.0.1:8880/category/all GET
2021-06-16 22:03:56.290 INFO  com.jiawa.wiki.aspect.LogAspect                   :55   [32m                  [0;39m ç±»åæ–¹æ³•: com.jiawa.wiki.controller.CategoryController.all
2021-06-16 22:03:56.291 INFO  com.jiawa.wiki.aspect.LogAspect                   :56   [32m                  [0;39m è¿œç¨‹åœ°å€: 127.0.0.1
2021-06-16 22:03:56.609 INFO  com.jiawa.wiki.aspect.LogAspect                   :78   [32m                  [0;39m è¯·æ±‚å‚æ•°: []
2021-06-16 22:03:56.820 INFO  com.alibaba.druid.pool.DruidDataSource            :930  [32m                  [0;39m {dataSource-1} inited
2021-06-16 22:03:57.629 INFO  com.jiawa.wiki.aspect.LogAspect                   :90   [32m                  [0;39m è¿”å›ç»“æœ: {"content":[{"id":100,"name":"å‰ç«¯å¼€å‘","parent":0,"sort":100},{"id":101,"name":"Vue","parent":100,"sort":101},{"id":102,"name":"HTML & CSS","parent":100,"sort":102},{"id":200,"name":"Java","parent":0,"sort":200},{"id":201,"name":"åŸºç¡€åº”ç”¨","parent":200,"sort":201},{"id":202,"name":"æ¡†æ¶è‹±å‹‡","parent":200,"sort":202},{"id":300,"name":"Python","parent":0,"sort":300},{"id":301,"name":"åŸºç¡€åº”ç”¨","parent":300,"sort":301},{"id":302,"name":"è¿›é˜¶æ–¹å‘åº”ç”¨","parent":300,"sort":302},{"id":400,"name":"æ•°æ®åº“","parent":0,"sort":400},{"id":401,"name":"MySQL","parent":400,"sort":401},{"id":402,"name":"Redis","parent":400,"sort":402},{"id":500,"name":"å…¶ä»–","parent":0,"sort":500},{"id":501,"name":"å¼€å‘å·¥å…·","parent":500,"sort":501},{"id":502,"name":"æœåŠ¡å™¨","parent":500,"sort":502},{"id":503,"name":"çƒ­é—¨æœåŠ¡ç«¯è¯­è¨€","parent":500,"sort":503}],"message":"æˆåŠŸ","success":true}
2021-06-16 22:03:57.629 INFO  com.jiawa.wiki.aspect.LogAspect                   :91   [32m                  [0;39m ------------- ç»“æŸ è€—æ—¶ï¼š1341 ms -------------
2021-06-16 22:03:57.656 INFO  com.jiawa.wiki.filter.LogFilter                   :34   [32m                  [0;39m ----------- LogFilter ç»“æŸ è€—æ—¶ï¼š1430 ms -----------
2021-06-16 22:04:00.872 INFO  com.jiawa.wiki.filter.LogFilter                   :28   [32m                  [0;39m ----------- LogFilter å¼€å§‹ -----------
2021-06-16 22:04:00.872 INFO  com.jiawa.wiki.filter.LogFilter                   :29   [32m                  [0;39m è¯·æ±‚åœ°å€: http://127.0.0.1:8880/category/all GET
2021-06-16 22:04:00.873 INFO  com.jiawa.wiki.filter.LogFilter                   :30   [32m                  [0;39m è¿œç¨‹åœ°å€: 127.0.0.1
2021-06-16 22:04:00.880 INFO  com.jiawa.wiki.aspect.LogAspect                   :53   [32m                  [0;39m ------------- å¼€å§‹ -------------
2021-06-16 22:04:00.881 INFO  com.jiawa.wiki.aspect.LogAspect                   :54   [32m                  [0;39m è¯·æ±‚åœ°å€: http://127.0.0.1:8880/category/all GET
2021-06-16 22:04:00.881 INFO  com.jiawa.wiki.aspect.LogAspect                   :55   [32m                  [0;39m ç±»åæ–¹æ³•: com.jiawa.wiki.controller.CategoryController.all
2021-06-16 22:04:00.881 INFO  com.jiawa.wiki.aspect.LogAspect                   :56   [32m                  [0;39m è¿œç¨‹åœ°å€: 127.0.0.1
2021-06-16 22:04:00.881 INFO  com.jiawa.wiki.aspect.LogAspect                   :78   [32m                  [0;39m è¯·æ±‚å‚æ•°: []
2021-06-16 22:04:00.914 INFO  com.jiawa.wiki.aspect.LogAspect                   :90   [32m                  [0;39m è¿”å›ç»“æœ: {"content":[{"id":100,"name":"å‰ç«¯å¼€å‘","parent":0,"sort":100},{"id":101,"name":"Vue","parent":100,"sort":101},{"id":102,"name":"HTML & CSS","parent":100,"sort":102},{"id":200,"name":"Java","parent":0,"sort":200},{"id":201,"name":"åŸºç¡€åº”ç”¨","parent":200,"sort":201},{"id":202,"name":"æ¡†æ¶è‹±å‹‡","parent":200,"sort":202},{"id":300,"name":"Python","parent":0,"sort":300},{"id":301,"name":"åŸºç¡€åº”ç”¨","parent":300,"sort":301},{"id":302,"name":"è¿›é˜¶æ–¹å‘åº”ç”¨","parent":300,"sort":302},{"id":400,"name":"æ•°æ®åº“","parent":0,"sort":400},{"id":401,"name":"MySQL","parent":400,"sort":401},{"id":402,"name":"Redis","parent":400,"sort":402},{"id":500,"name":"å…¶ä»–","parent":0,"sort":500},{"id":501,"name":"å¼€å‘å·¥å…·","parent":500,"sort":501},{"id":502,"name":"æœåŠ¡å™¨","parent":500,"sort":502},{"id":503,"name":"çƒ­é—¨æœåŠ¡ç«¯è¯­è¨€","parent":500,"sort":503}],"message":"æˆåŠŸ","success":true}
2021-06-16 22:04:00.914 INFO  com.jiawa.wiki.aspect.LogAspect                   :91   [32m                  [0;39m ------------- ç»“æŸ è€—æ—¶ï¼š34 ms -------------
2021-06-16 22:04:00.916 INFO  com.jiawa.wiki.filter.LogFilter                   :34   [32m                  [0;39m ----------- LogFilter ç»“æŸ è€—æ—¶ï¼š37 ms -----------
2021-06-16 22:04:00.934 INFO  com.jiawa.wiki.filter.LogFilter                   :28   [32m                  [0;39m ----------- LogFilter å¼€å§‹ -----------
2021-06-16 22:04:00.935 INFO  com.jiawa.wiki.filter.LogFilter                   :29   [32m                  [0;39m è¯·æ±‚åœ°å€: http://127.0.0.1:8880/ebook/list GET
2021-06-16 22:04:00.935 INFO  com.jiawa.wiki.filter.LogFilter                   :30   [32m                  [0;39m è¿œç¨‹åœ°å€: 127.0.0.1
2021-06-16 22:04:01.195 INFO  com.jiawa.wiki.aspect.LogAspect                   :53   [32m                  [0;39m ------------- å¼€å§‹ -------------
2021-06-16 22:04:01.195 INFO  com.jiawa.wiki.aspect.LogAspect                   :54   [32m                  [0;39m è¯·æ±‚åœ°å€: http://127.0.0.1:8880/ebook/list GET
2021-06-16 22:04:01.196 INFO  com.jiawa.wiki.aspect.LogAspect                   :55   [32m                  [0;39m ç±»åæ–¹æ³•: com.jiawa.wiki.controller.EbookController.list
2021-06-16 22:04:01.197 INFO  com.jiawa.wiki.aspect.LogAspect                   :56   [32m                  [0;39m è¿œç¨‹åœ°å€: 127.0.0.1
2021-06-16 22:04:01.204 INFO  com.jiawa.wiki.aspect.LogAspect                   :78   [32m                  [0;39m è¯·æ±‚å‚æ•°: [{"page":1,"size":10}]
2021-06-16 22:04:01.382 INFO  com.jiawa.wiki.service.EbookService               :43   [32m                  [0;39m æ€»è¡Œæ•°ï¼š6
2021-06-16 22:04:01.383 INFO  com.jiawa.wiki.service.EbookService               :44   [32m                  [0;39m æ€»é¡µæ•°ï¼š1
2021-06-16 22:04:01.408 INFO  com.jiawa.wiki.aspect.LogAspect                   :90   [32m                  [0;39m è¿”å›ç»“æœ: {"content":{"list":[{"category1Id":200,"category2Id":202,"cover":"/image/cover1.png","description":"ä¼ä¸šçº§åº”ç”¨å¼€å‘é¦–é€‰æ¡†æ¶","docCount":11,"id":1,"name":"Springbootæœ€ä½³å…¥é—¨æ•™ç¨‹","viewCount":21,"voteCount":1},{"category1Id":100,"category2Id":101,"cover":"/image/cover2.png","description":"ä¼ä¸šçº§åº”ç”¨å¼€å‘é¦–é€‰æ¡†æ¶","docCount":12223,"id":2,"name":"Vueå…¥é—¨æ•™ç¨‹","viewCount":212,"voteCount":2},{"category1Id":400,"category2Id":402,"cover":"/image/cover2.png","description":"éå…³ç³»å‹æ•°æ®åº“","docCount":32,"id":3,"name":"Rediså¼€å‘ä¸è¿ç»´","viewCount":12,"voteCount":3},{"category1Id":200,"category2Id":201,"cover":"/image/cover1.png","description":"Javaåœ£ç»","docCount":45,"id":4,"name":"Javaç¼–ç¨‹æ€æƒ³","viewCount":21,"voteCount":4},{"category1Id":500,"category2Id":502,"cover":"/image/cover1.png","description":"å¾ˆæœ‰æ„æ€çš„ä¸€æœ¬ä¹¦","docCount":279,"id":5,"name":"Linuxå†…æ ¸","viewCount":398,"voteCount":5},{"category1Id":500,"category2Id":501,"cover":"/image/cover2.png","description":"GithubååŒå¼€å‘","docCount":90,"id":6,"name":"Gité«˜æ‰‹ä¹‹è·¯","viewCount":2,"voteCount":6}],"total":6},"message":"æˆåŠŸ","success":true}
2021-06-16 22:04:01.409 INFO  com.jiawa.wiki.aspect.LogAspect                   :91   [32m                  [0;39m ------------- ç»“æŸ è€—æ—¶ï¼š214 ms -------------
2021-06-16 22:04:01.414 INFO  com.jiawa.wiki.filter.LogFilter                   :34   [32m                  [0;39m ----------- LogFilter ç»“æŸ è€—æ—¶ï¼š478 ms -----------
2021-06-16 22:04:02.842 INFO  com.jiawa.wiki.filter.LogFilter                   :28   [32m                  [0;39m ----------- LogFilter å¼€å§‹ -----------
2021-06-16 22:04:02.842 INFO  com.jiawa.wiki.filter.LogFilter                   :29   [32m                  [0;39m è¯·æ±‚åœ°å€: http://127.0.0.1:8880/doc/all GET
2021-06-16 22:04:02.843 INFO  com.jiawa.wiki.filter.LogFilter                   :30   [32m                  [0;39m è¿œç¨‹åœ°å€: 127.0.0.1
2021-06-16 22:04:02.844 INFO  com.jiawa.wiki.aspect.LogAspect                   :53   [32m                  [0;39m ------------- å¼€å§‹ -------------
2021-06-16 22:04:02.845 INFO  com.jiawa.wiki.aspect.LogAspect                   :54   [32m                  [0;39m è¯·æ±‚åœ°å€: http://127.0.0.1:8880/doc/all GET
2021-06-16 22:04:02.847 INFO  com.jiawa.wiki.aspect.LogAspect                   :55   [32m                  [0;39m ç±»åæ–¹æ³•: com.jiawa.wiki.controller.DocController.all
2021-06-16 22:04:02.848 INFO  com.jiawa.wiki.aspect.LogAspect                   :56   [32m                  [0;39m è¿œç¨‹åœ°å€: 127.0.0.1
2021-06-16 22:04:02.849 INFO  com.jiawa.wiki.aspect.LogAspect                   :78   [32m                  [0;39m è¯·æ±‚å‚æ•°: []
2021-06-16 22:04:02.905 INFO  com.jiawa.wiki.aspect.LogAspect                   :90   [32m                  [0;39m è¿”å›ç»“æœ: {"content":[{"ebookId":1,"id":1,"name":"æ–‡æ¡£1","parent":0,"sort":1,"viewCount":0,"voteCount":0},{"ebookId":1,"id":2,"name":"æ–‡æ¡£1.1","parent":1,"sort":1,"viewCount":0,"voteCount":0},{"ebookId":1,"id":4,"name":"æ–‡æ¡£2.1","parent":3,"sort":1,"viewCount":0,"voteCount":0},{"ebookId":1,"id":6,"name":"æ–‡æ¡£2.2.1","parent":5,"sort":1,"viewCount":0,"voteCount":0},{"ebookId":1,"id":3,"name":"æ–‡æ¡£2","parent":0,"sort":2,"viewCount":0,"voteCount":0},{"ebookId":1,"id":5,"name":"æ–‡æ¡£2.2","parent":3,"sort":2,"viewCount":0,"voteCount":0}],"message":"æˆåŠŸ","success":true}
2021-06-16 22:04:02.905 INFO  com.jiawa.wiki.aspect.LogAspect                   :91   [32m                  [0;39m ------------- ç»“æŸ è€—æ—¶ï¼š61 ms -------------
2021-06-16 22:04:02.912 INFO  com.jiawa.wiki.filter.LogFilter                   :34   [32m                  [0;39m ----------- LogFilter ç»“æŸ è€—æ—¶ï¼š69 ms -----------
2021-06-16 22:04:05.793 INFO  com.jiawa.wiki.filter.LogFilter                   :28   [32m                  [0;39m ----------- LogFilter å¼€å§‹ -----------
2021-06-16 22:04:05.795 INFO  com.jiawa.wiki.filter.LogFilter                   :29   [32m                  [0;39m è¯·æ±‚åœ°å€: http://127.0.0.1:8880/category/all GET
2021-06-16 22:04:05.796 INFO  com.jiawa.wiki.filter.LogFilter                   :30   [32m                  [0;39m è¿œç¨‹åœ°å€: 127.0.0.1
2021-06-16 22:04:05.797 INFO  com.jiawa.wiki.aspect.LogAspect                   :53   [32m                  [0;39m ------------- å¼€å§‹ -------------
2021-06-16 22:04:05.797 INFO  com.jiawa.wiki.aspect.LogAspect                   :54   [32m                  [0;39m è¯·æ±‚åœ°å€: http://127.0.0.1:8880/category/all GET
2021-06-16 22:04:05.798 INFO  com.jiawa.wiki.aspect.LogAspect                   :55   [32m                  [0;39m ç±»åæ–¹æ³•: com.jiawa.wiki.controller.CategoryController.all
2021-06-16 22:04:05.798 INFO  com.jiawa.wiki.aspect.LogAspect                   :56   [32m                  [0;39m è¿œç¨‹åœ°å€: 127.0.0.1
2021-06-16 22:04:05.799 INFO  com.jiawa.wiki.aspect.LogAspect                   :78   [32m                  [0;39m è¯·æ±‚å‚æ•°: []
2021-06-16 22:04:05.833 INFO  com.jiawa.wiki.aspect.LogAspect                   :90   [32m                  [0;39m è¿”å›ç»“æœ: {"content":[{"id":100,"name":"å‰ç«¯å¼€å‘","parent":0,"sort":100},{"id":101,"name":"Vue","parent":100,"sort":101},{"id":102,"name":"HTML & CSS","parent":100,"sort":102},{"id":200,"name":"Java","parent":0,"sort":200},{"id":201,"name":"åŸºç¡€åº”ç”¨","parent":200,"sort":201},{"id":202,"name":"æ¡†æ¶è‹±å‹‡","parent":200,"sort":202},{"id":300,"name":"Python","parent":0,"sort":300},{"id":301,"name":"åŸºç¡€åº”ç”¨","parent":300,"sort":301},{"id":302,"name":"è¿›é˜¶æ–¹å‘åº”ç”¨","parent":300,"sort":302},{"id":400,"name":"æ•°æ®åº“","parent":0,"sort":400},{"id":401,"name":"MySQL","parent":400,"sort":401},{"id":402,"name":"Redis","parent":400,"sort":402},{"id":500,"name":"å…¶ä»–","parent":0,"sort":500},{"id":501,"name":"å¼€å‘å·¥å…·","parent":500,"sort":501},{"id":502,"name":"æœåŠ¡å™¨","parent":500,"sort":502},{"id":503,"name":"çƒ­é—¨æœåŠ¡ç«¯è¯­è¨€","parent":500,"sort":503}],"message":"æˆåŠŸ","success":true}
2021-06-16 22:04:05.834 INFO  com.jiawa.wiki.aspect.LogAspect                   :91   [32m                  [0;39m ------------- ç»“æŸ è€—æ—¶ï¼š37 ms -------------
2021-06-16 22:04:05.838 INFO  com.jiawa.wiki.filter.LogFilter                   :34   [32m                  [0;39m ----------- LogFilter ç»“æŸ è€—æ—¶ï¼š42 ms -----------
2021-06-16 22:04:05.861 INFO  com.jiawa.wiki.filter.LogFilter                   :28   [32m                  [0;39m ----------- LogFilter å¼€å§‹ -----------
2021-06-16 22:04:05.862 INFO  com.jiawa.wiki.filter.LogFilter                   :29   [32m                  [0;39m è¯·æ±‚åœ°å€: http://127.0.0.1:8880/ebook/list GET
2021-06-16 22:04:05.862 INFO  com.jiawa.wiki.filter.LogFilter                   :30   [32m                  [0;39m è¿œç¨‹åœ°å€: 127.0.0.1
2021-06-16 22:04:05.864 INFO  com.jiawa.wiki.aspect.LogAspect                   :53   [32m                  [0;39m ------------- å¼€å§‹ -------------
2021-06-16 22:04:05.864 INFO  com.jiawa.wiki.aspect.LogAspect                   :54   [32m                  [0;39m è¯·æ±‚åœ°å€: http://127.0.0.1:8880/ebook/list GET
2021-06-16 22:04:05.864 INFO  com.jiawa.wiki.aspect.LogAspect                   :55   [32m                  [0;39m ç±»åæ–¹æ³•: com.jiawa.wiki.controller.EbookController.list
2021-06-16 22:04:05.865 INFO  com.jiawa.wiki.aspect.LogAspect                   :56   [32m                  [0;39m è¿œç¨‹åœ°å€: 127.0.0.1
2021-06-16 22:04:05.865 INFO  com.jiawa.wiki.aspect.LogAspect                   :78   [32m                  [0;39m è¯·æ±‚å‚æ•°: [{"page":1,"size":10}]
2021-06-16 22:04:05.927 INFO  com.jiawa.wiki.service.EbookService               :43   [32m                  [0;39m æ€»è¡Œæ•°ï¼š6
2021-06-16 22:04:05.928 INFO  com.jiawa.wiki.service.EbookService               :44   [32m                  [0;39m æ€»é¡µæ•°ï¼š1
2021-06-16 22:04:05.931 INFO  com.jiawa.wiki.aspect.LogAspect                   :90   [32m                  [0;39m è¿”å›ç»“æœ: {"content":{"list":[{"category1Id":200,"category2Id":202,"cover":"/image/cover1.png","description":"ä¼ä¸šçº§åº”ç”¨å¼€å‘é¦–é€‰æ¡†æ¶","docCount":11,"id":1,"name":"Springbootæœ€ä½³å…¥é—¨æ•™ç¨‹","viewCount":21,"voteCount":1},{"category1Id":100,"category2Id":101,"cover":"/image/cover2.png","description":"ä¼ä¸šçº§åº”ç”¨å¼€å‘é¦–é€‰æ¡†æ¶","docCount":12223,"id":2,"name":"Vueå…¥é—¨æ•™ç¨‹","viewCount":212,"voteCount":2},{"category1Id":400,"category2Id":402,"cover":"/image/cover2.png","description":"éå…³ç³»å‹æ•°æ®åº“","docCount":32,"id":3,"name":"Rediså¼€å‘ä¸è¿ç»´","viewCount":12,"voteCount":3},{"category1Id":200,"category2Id":201,"cover":"/image/cover1.png","description":"Javaåœ£ç»","docCount":45,"id":4,"name":"Javaç¼–ç¨‹æ€æƒ³","viewCount":21,"voteCount":4},{"category1Id":500,"category2Id":502,"cover":"/image/cover1.png","description":"å¾ˆæœ‰æ„æ€çš„ä¸€æœ¬ä¹¦","docCount":279,"id":5,"name":"Linuxå†…æ ¸","viewCount":398,"voteCount":5},{"category1Id":500,"category2Id":501,"cover":"/image/cover2.png","description":"GithubååŒå¼€å‘","docCount":90,"id":6,"name":"Gité«˜æ‰‹ä¹‹è·¯","viewCount":2,"voteCount":6}],"total":6},"message":"æˆåŠŸ","success":true}
2021-06-16 22:04:05.932 INFO  com.jiawa.wiki.aspect.LogAspect                   :91   [32m                  [0;39m ------------- ç»“æŸ è€—æ—¶ï¼š68 ms -------------
2021-06-16 22:04:05.934 INFO  com.jiawa.wiki.filter.LogFilter                   :34   [32m                  [0;39m ----------- LogFilter ç»“æŸ è€—æ—¶ï¼š71 ms -----------
2021-06-16 22:04:07.215 INFO  com.jiawa.wiki.filter.LogFilter                   :28   [32m                  [0;39m ----------- LogFilter å¼€å§‹ -----------
2021-06-16 22:04:07.216 INFO  com.jiawa.wiki.filter.LogFilter                   :29   [32m                  [0;39m è¯·æ±‚åœ°å€: http://127.0.0.1:8880/doc/all GET
2021-06-16 22:04:07.217 INFO  com.jiawa.wiki.filter.LogFilter                   :30   [32m                  [0;39m è¿œç¨‹åœ°å€: 127.0.0.1
2021-06-16 22:04:07.218 INFO  com.jiawa.wiki.aspect.LogAspect                   :53   [32m                  [0;39m ------------- å¼€å§‹ -------------
2021-06-16 22:04:07.219 INFO  com.jiawa.wiki.aspect.LogAspect                   :54   [32m                  [0;39m è¯·æ±‚åœ°å€: http://127.0.0.1:8880/doc/all GET
2021-06-16 22:04:07.220 INFO  com.jiawa.wiki.aspect.LogAspect                   :55   [32m                  [0;39m ç±»åæ–¹æ³•: com.jiawa.wiki.controller.DocController.all
2021-06-16 22:04:07.220 INFO  com.jiawa.wiki.aspect.LogAspect                   :56   [32m                  [0;39m è¿œç¨‹åœ°å€: 127.0.0.1
2021-06-16 22:04:07.220 INFO  com.jiawa.wiki.aspect.LogAspect                   :78   [32m                  [0;39m è¯·æ±‚å‚æ•°: []
2021-06-16 22:04:07.254 INFO  com.jiawa.wiki.aspect.LogAspect                   :90   [32m                  [0;39m è¿”å›ç»“æœ: {"content":[{"ebookId":1,"id":1,"name":"æ–‡æ¡£1","parent":0,"sort":1,"viewCount":0,"voteCount":0},{"ebookId":1,"id":2,"name":"æ–‡æ¡£1.1","parent":1,"sort":1,"viewCount":0,"voteCount":0},{"ebookId":1,"id":4,"name":"æ–‡æ¡£2.1","parent":3,"sort":1,"viewCount":0,"voteCount":0},{"ebookId":1,"id":6,"name":"æ–‡æ¡£2.2.1","parent":5,"sort":1,"viewCount":0,"voteCount":0},{"ebookId":1,"id":3,"name":"æ–‡æ¡£2","parent":0,"sort":2,"viewCount":0,"voteCount":0},{"ebookId":1,"id":5,"name":"æ–‡æ¡£2.2","parent":3,"sort":2,"viewCount":0,"voteCount":0}],"message":"æˆåŠŸ","success":true}
2021-06-16 22:04:07.255 INFO  com.jiawa.wiki.aspect.LogAspect                   :91   [32m                  [0;39m ------------- ç»“æŸ è€—æ—¶ï¼š37 ms -------------
2021-06-16 22:04:07.257 INFO  com.jiawa.wiki.filter.LogFilter                   :34   [32m                  [0;39m ----------- LogFilter ç»“æŸ è€—æ—¶ï¼š40 ms -----------
2021-06-16 22:04:08.151 INFO  com.jiawa.wiki.filter.LogFilter                   :28   [32m                  [0;39m ----------- LogFilter å¼€å§‹ -----------
2021-06-16 22:04:08.151 INFO  com.jiawa.wiki.filter.LogFilter                   :29   [32m                  [0;39m è¯·æ±‚åœ°å€: http://127.0.0.1:8880/category/all GET
2021-06-16 22:04:08.151 INFO  com.jiawa.wiki.filter.LogFilter                   :30   [32m                  [0;39m è¿œç¨‹åœ°å€: 127.0.0.1
2021-06-16 22:04:08.152 INFO  com.jiawa.wiki.aspect.LogAspect                   :53   [32m                  [0;39m ------------- å¼€å§‹ -------------
2021-06-16 22:04:08.153 INFO  com.jiawa.wiki.aspect.LogAspect                   :54   [32m                  [0;39m è¯·æ±‚åœ°å€: http://127.0.0.1:8880/category/all GET
2021-06-16 22:04:08.154 INFO  com.jiawa.wiki.aspect.LogAspect                   :55   [32m                  [0;39m ç±»åæ–¹æ³•: com.jiawa.wiki.controller.CategoryController.all
2021-06-16 22:04:08.155 INFO  com.jiawa.wiki.aspect.LogAspect                   :56   [32m                  [0;39m è¿œç¨‹åœ°å€: 127.0.0.1
2021-06-16 22:04:08.156 INFO  com.jiawa.wiki.aspect.LogAspect                   :78   [32m                  [0;39m è¯·æ±‚å‚æ•°: []
2021-06-16 22:04:08.198 INFO  com.jiawa.wiki.aspect.LogAspect                   :90   [32m                  [0;39m è¿”å›ç»“æœ: {"content":[{"id":100,"name":"å‰ç«¯å¼€å‘","parent":0,"sort":100},{"id":101,"name":"Vue","parent":100,"sort":101},{"id":102,"name":"HTML & CSS","parent":100,"sort":102},{"id":200,"name":"Java","parent":0,"sort":200},{"id":201,"name":"åŸºç¡€åº”ç”¨","parent":200,"sort":201},{"id":202,"name":"æ¡†æ¶è‹±å‹‡","parent":200,"sort":202},{"id":300,"name":"Python","parent":0,"sort":300},{"id":301,"name":"åŸºç¡€åº”ç”¨","parent":300,"sort":301},{"id":302,"name":"è¿›é˜¶æ–¹å‘åº”ç”¨","parent":300,"sort":302},{"id":400,"name":"æ•°æ®åº“","parent":0,"sort":400},{"id":401,"name":"MySQL","parent":400,"sort":401},{"id":402,"name":"Redis","parent":400,"sort":402},{"id":500,"name":"å…¶ä»–","parent":0,"sort":500},{"id":501,"name":"å¼€å‘å·¥å…·","parent":500,"sort":501},{"id":502,"name":"æœåŠ¡å™¨","parent":500,"sort":502},{"id":503,"name":"çƒ­é—¨æœåŠ¡ç«¯è¯­è¨€","parent":500,"sort":503}],"message":"æˆåŠŸ","success":true}
2021-06-16 22:04:08.199 INFO  com.jiawa.wiki.aspect.LogAspect                   :91   [32m                  [0;39m ------------- ç»“æŸ è€—æ—¶ï¼š47 ms -------------
2021-06-16 22:04:08.200 INFO  com.jiawa.wiki.filter.LogFilter                   :34   [32m                  [0;39m ----------- LogFilter ç»“æŸ è€—æ—¶ï¼š48 ms -----------
2021-06-16 22:04:08.214 INFO  com.jiawa.wiki.filter.LogFilter                   :28   [32m                  [0;39m ----------- LogFilter å¼€å§‹ -----------
2021-06-16 22:04:08.214 INFO  com.jiawa.wiki.filter.LogFilter                   :29   [32m                  [0;39m è¯·æ±‚åœ°å€: http://127.0.0.1:8880/ebook/list GET
2021-06-16 22:04:08.215 INFO  com.jiawa.wiki.filter.LogFilter                   :30   [32m                  [0;39m è¿œç¨‹åœ°å€: 127.0.0.1
2021-06-16 22:04:08.215 INFO  com.jiawa.wiki.aspect.LogAspect                   :53   [32m                  [0;39m ------------- å¼€å§‹ -------------
2021-06-16 22:04:08.216 INFO  com.jiawa.wiki.aspect.LogAspect                   :54   [32m                  [0;39m è¯·æ±‚åœ°å€: http://127.0.0.1:8880/ebook/list GET
2021-06-16 22:04:08.216 INFO  com.jiawa.wiki.aspect.LogAspect                   :55   [32m                  [0;39m ç±»åæ–¹æ³•: com.jiawa.wiki.controller.EbookController.list
2021-06-16 22:04:08.216 INFO  com.jiawa.wiki.aspect.LogAspect                   :56   [32m                  [0;39m è¿œç¨‹åœ°å€: 127.0.0.1
2021-06-16 22:04:08.217 INFO  com.jiawa.wiki.aspect.LogAspect                   :78   [32m                  [0;39m è¯·æ±‚å‚æ•°: [{"page":1,"size":10}]
2021-06-16 22:04:08.282 INFO  com.jiawa.wiki.service.EbookService               :43   [32m                  [0;39m æ€»è¡Œæ•°ï¼š6
2021-06-16 22:04:08.283 INFO  com.jiawa.wiki.service.EbookService               :44   [32m                  [0;39m æ€»é¡µæ•°ï¼š1
2021-06-16 22:04:08.287 INFO  com.jiawa.wiki.aspect.LogAspect                   :90   [32m                  [0;39m è¿”å›ç»“æœ: {"content":{"list":[{"category1Id":200,"category2Id":202,"cover":"/image/cover1.png","description":"ä¼ä¸šçº§åº”ç”¨å¼€å‘é¦–é€‰æ¡†æ¶","docCount":11,"id":1,"name":"Springbootæœ€ä½³å…¥é—¨æ•™ç¨‹","viewCount":21,"voteCount":1},{"category1Id":100,"category2Id":101,"cover":"/image/cover2.png","description":"ä¼ä¸šçº§åº”ç”¨å¼€å‘é¦–é€‰æ¡†æ¶","docCount":12223,"id":2,"name":"Vueå…¥é—¨æ•™ç¨‹","viewCount":212,"voteCount":2},{"category1Id":400,"category2Id":402,"cover":"/image/cover2.png","description":"éå…³ç³»å‹æ•°æ®åº“","docCount":32,"id":3,"name":"Rediså¼€å‘ä¸è¿ç»´","viewCount":12,"voteCount":3},{"category1Id":200,"category2Id":201,"cover":"/image/cover1.png","description":"Javaåœ£ç»","docCount":45,"id":4,"name":"Javaç¼–ç¨‹æ€æƒ³","viewCount":21,"voteCount":4},{"category1Id":500,"category2Id":502,"cover":"/image/cover1.png","description":"å¾ˆæœ‰æ„æ€çš„ä¸€æœ¬ä¹¦","docCount":279,"id":5,"name":"Linuxå†…æ ¸","viewCount":398,"voteCount":5},{"category1Id":500,"category2Id":501,"cover":"/image/cover2.png","description":"GithubååŒå¼€å‘","docCount":90,"id":6,"name":"Gité«˜æ‰‹ä¹‹è·¯","viewCount":2,"voteCount":6}],"total":6},"message":"æˆåŠŸ","success":true}
2021-06-16 22:04:08.287 INFO  com.jiawa.wiki.aspect.LogAspect                   :91   [32m                  [0;39m ------------- ç»“æŸ è€—æ—¶ï¼š72 ms -------------
2021-06-16 22:04:08.290 INFO  com.jiawa.wiki.filter.LogFilter                   :34   [32m                  [0;39m ----------- LogFilter ç»“æŸ è€—æ—¶ï¼š75 ms -----------
2021-06-16 22:04:09.193 INFO  com.jiawa.wiki.filter.LogFilter                   :28   [32m                  [0;39m ----------- LogFilter å¼€å§‹ -----------
2021-06-16 22:04:09.194 INFO  com.jiawa.wiki.filter.LogFilter                   :29   [32m                  [0;39m è¯·æ±‚åœ°å€: http://127.0.0.1:8880/doc/all GET
2021-06-16 22:04:09.195 INFO  com.jiawa.wiki.filter.LogFilter                   :30   [32m                  [0;39m è¿œç¨‹åœ°å€: 127.0.0.1
2021-06-16 22:04:09.196 INFO  com.jiawa.wiki.aspect.LogAspect                   :53   [32m                  [0;39m ------------- å¼€å§‹ -------------
2021-06-16 22:04:09.197 INFO  com.jiawa.wiki.aspect.LogAspect                   :54   [32m                  [0;39m è¯·æ±‚åœ°å€: http://127.0.0.1:8880/doc/all GET
2021-06-16 22:04:09.197 INFO  com.jiawa.wiki.aspect.LogAspect                   :55   [32m                  [0;39m ç±»åæ–¹æ³•: com.jiawa.wiki.controller.DocController.all
2021-06-16 22:04:09.197 INFO  com.jiawa.wiki.aspect.LogAspect                   :56   [32m                  [0;39m è¿œç¨‹åœ°å€: 127.0.0.1
2021-06-16 22:04:09.198 INFO  com.jiawa.wiki.aspect.LogAspect                   :78   [32m                  [0;39m è¯·æ±‚å‚æ•°: []
2021-06-16 22:04:09.237 INFO  com.jiawa.wiki.aspect.LogAspect                   :90   [32m                  [0;39m è¿”å›ç»“æœ: {"content":[{"ebookId":1,"id":1,"name":"æ–‡æ¡£1","parent":0,"sort":1,"viewCount":0,"voteCount":0},{"ebookId":1,"id":2,"name":"æ–‡æ¡£1.1","parent":1,"sort":1,"viewCount":0,"voteCount":0},{"ebookId":1,"id":4,"name":"æ–‡æ¡£2.1","parent":3,"sort":1,"viewCount":0,"voteCount":0},{"ebookId":1,"id":6,"name":"æ–‡æ¡£2.2.1","parent":5,"sort":1,"viewCount":0,"voteCount":0},{"ebookId":1,"id":3,"name":"æ–‡æ¡£2","parent":0,"sort":2,"viewCount":0,"voteCount":0},{"ebookId":1,"id":5,"name":"æ–‡æ¡£2.2","parent":3,"sort":2,"viewCount":0,"voteCount":0}],"message":"æˆåŠŸ","success":true}
2021-06-16 22:04:09.238 INFO  com.jiawa.wiki.aspect.LogAspect                   :91   [32m                  [0;39m ------------- ç»“æŸ è€—æ—¶ï¼š42 ms -------------
2021-06-16 22:04:09.241 INFO  com.jiawa.wiki.filter.LogFilter                   :34   [32m                  [0;39m ----------- LogFilter ç»“æŸ è€—æ—¶ï¼š45 ms -----------
2021-06-16 22:04:09.862 INFO  com.jiawa.wiki.filter.LogFilter                   :28   [32m                  [0;39m ----------- LogFilter å¼€å§‹ -----------
2021-06-16 22:04:09.862 INFO  com.jiawa.wiki.filter.LogFilter                   :29   [32m                  [0;39m è¯·æ±‚åœ°å€: http://127.0.0.1:8880/category/all GET
2021-06-16 22:04:09.862 INFO  com.jiawa.wiki.filter.LogFilter                   :30   [32m                  [0;39m è¿œç¨‹åœ°å€: 127.0.0.1
2021-06-16 22:04:09.863 INFO  com.jiawa.wiki.aspect.LogAspect                   :53   [32m                  [0;39m ------------- å¼€å§‹ -------------
2021-06-16 22:04:09.864 INFO  com.jiawa.wiki.aspect.LogAspect                   :54   [32m                  [0;39m è¯·æ±‚åœ°å€: http://127.0.0.1:8880/category/all GET
2021-06-16 22:04:09.864 INFO  com.jiawa.wiki.aspect.LogAspect                   :55   [32m                  [0;39m ç±»åæ–¹æ³•: com.jiawa.wiki.controller.CategoryController.all
2021-06-16 22:04:09.865 INFO  com.jiawa.wiki.aspect.LogAspect                   :56   [32m                  [0;39m è¿œç¨‹åœ°å€: 127.0.0.1
2021-06-16 22:04:09.865 INFO  com.jiawa.wiki.aspect.LogAspect                   :78   [32m                  [0;39m è¯·æ±‚å‚æ•°: []
2021-06-16 22:04:09.899 INFO  com.jiawa.wiki.aspect.LogAspect                   :90   [32m                  [0;39m è¿”å›ç»“æœ: {"content":[{"id":100,"name":"å‰ç«¯å¼€å‘","parent":0,"sort":100},{"id":101,"name":"Vue","parent":100,"sort":101},{"id":102,"name":"HTML & CSS","parent":100,"sort":102},{"id":200,"name":"Java","parent":0,"sort":200},{"id":201,"name":"åŸºç¡€åº”ç”¨","parent":200,"sort":201},{"id":202,"name":"æ¡†æ¶è‹±å‹‡","parent":200,"sort":202},{"id":300,"name":"Python","parent":0,"sort":300},{"id":301,"name":"åŸºç¡€åº”ç”¨","parent":300,"sort":301},{"id":302,"name":"è¿›é˜¶æ–¹å‘åº”ç”¨","parent":300,"sort":302},{"id":400,"name":"æ•°æ®åº“","parent":0,"sort":400},{"id":401,"name":"MySQL","parent":400,"sort":401},{"id":402,"name":"Redis","parent":400,"sort":402},{"id":500,"name":"å…¶ä»–","parent":0,"sort":500},{"id":501,"name":"å¼€å‘å·¥å…·","parent":500,"sort":501},{"id":502,"name":"æœåŠ¡å™¨","parent":500,"sort":502},{"id":503,"name":"çƒ­é—¨æœåŠ¡ç«¯è¯­è¨€","parent":500,"sort":503}],"message":"æˆåŠŸ","success":true}
2021-06-16 22:04:09.900 INFO  com.jiawa.wiki.aspect.LogAspect                   :91   [32m                  [0;39m ------------- ç»“æŸ è€—æ—¶ï¼š37 ms -------------
2021-06-16 22:04:09.902 INFO  com.jiawa.wiki.filter.LogFilter                   :34   [32m                  [0;39m ----------- LogFilter ç»“æŸ è€—æ—¶ï¼š39 ms -----------
2021-06-16 22:04:09.915 INFO  com.jiawa.wiki.filter.LogFilter                   :28   [32m                  [0;39m ----------- LogFilter å¼€å§‹ -----------
2021-06-16 22:04:09.915 INFO  com.jiawa.wiki.filter.LogFilter                   :29   [32m                  [0;39m è¯·æ±‚åœ°å€: http://127.0.0.1:8880/ebook/list GET
2021-06-16 22:04:09.915 INFO  com.jiawa.wiki.filter.LogFilter                   :30   [32m                  [0;39m è¿œç¨‹åœ°å€: 127.0.0.1
2021-06-16 22:04:09.917 INFO  com.jiawa.wiki.aspect.LogAspect                   :53   [32m                  [0;39m ------------- å¼€å§‹ -------------
2021-06-16 22:04:09.917 INFO  com.jiawa.wiki.aspect.LogAspect                   :54   [32m                  [0;39m è¯·æ±‚åœ°å€: http://127.0.0.1:8880/ebook/list GET
2021-06-16 22:04:09.917 INFO  com.jiawa.wiki.aspect.LogAspect                   :55   [32m                  [0;39m ç±»åæ–¹æ³•: com.jiawa.wiki.controller.EbookController.list
2021-06-16 22:04:09.917 INFO  com.jiawa.wiki.aspect.LogAspect                   :56   [32m                  [0;39m è¿œç¨‹åœ°å€: 127.0.0.1
2021-06-16 22:04:09.917 INFO  com.jiawa.wiki.aspect.LogAspect                   :78   [32m                  [0;39m è¯·æ±‚å‚æ•°: [{"page":1,"size":10}]
2021-06-16 22:04:09.978 INFO  com.jiawa.wiki.service.EbookService               :43   [32m                  [0;39m æ€»è¡Œæ•°ï¼š6
2021-06-16 22:04:09.979 INFO  com.jiawa.wiki.service.EbookService               :44   [32m                  [0;39m æ€»é¡µæ•°ï¼š1
2021-06-16 22:04:09.981 INFO  com.jiawa.wiki.aspect.LogAspect                   :90   [32m                  [0;39m è¿”å›ç»“æœ: {"content":{"list":[{"category1Id":200,"category2Id":202,"cover":"/image/cover1.png","description":"ä¼ä¸šçº§åº”ç”¨å¼€å‘é¦–é€‰æ¡†æ¶","docCount":11,"id":1,"name":"Springbootæœ€ä½³å…¥é—¨æ•™ç¨‹","viewCount":21,"voteCount":1},{"category1Id":100,"category2Id":101,"cover":"/image/cover2.png","description":"ä¼ä¸šçº§åº”ç”¨å¼€å‘é¦–é€‰æ¡†æ¶","docCount":12223,"id":2,"name":"Vueå…¥é—¨æ•™ç¨‹","viewCount":212,"voteCount":2},{"category1Id":400,"category2Id":402,"cover":"/image/cover2.png","description":"éå…³ç³»å‹æ•°æ®åº“","docCount":32,"id":3,"name":"Rediså¼€å‘ä¸è¿ç»´","viewCount":12,"voteCount":3},{"category1Id":200,"category2Id":201,"cover":"/image/cover1.png","description":"Javaåœ£ç»","docCount":45,"id":4,"name":"Javaç¼–ç¨‹æ€æƒ³","viewCount":21,"voteCount":4},{"category1Id":500,"category2Id":502,"cover":"/image/cover1.png","description":"å¾ˆæœ‰æ„æ€çš„ä¸€æœ¬ä¹¦","docCount":279,"id":5,"name":"Linuxå†…æ ¸","viewCount":398,"voteCount":5},{"category1Id":500,"category2Id":501,"cover":"/image/cover2.png","description":"GithubååŒå¼€å‘","docCount":90,"id":6,"name":"Gité«˜æ‰‹ä¹‹è·¯","viewCount":2,"voteCount":6}],"total":6},"message":"æˆåŠŸ","success":true}
2021-06-16 22:04:09.982 INFO  com.jiawa.wiki.aspect.LogAspect                   :91   [32m                  [0;39m ------------- ç»“æŸ è€—æ—¶ï¼š66 ms -------------
2021-06-16 22:04:09.984 INFO  com.jiawa.wiki.filter.LogFilter                   :34   [32m                  [0;39m ----------- LogFilter ç»“æŸ è€—æ—¶ï¼š68 ms -----------
